<?xml version="1.0" encoding="UTF-8"?>
<testng-results skipped="0" failed="1" total="3" passed="2">
  <reporter-output>
  </reporter-output>
  <suite name="Suite" duration-ms="18747" started-at="2017-07-08T16:19:18Z" finished-at="2017-07-08T16:19:37Z">
    <groups>
    </groups>
    <test name="Test" duration-ms="18747" started-at="2017-07-08T16:19:18Z" finished-at="2017-07-08T16:19:37Z">
      <class name="test_ant.testNG">
        <test-method status="PASS" signature="beforeClass()[pri:0, instance:test_ant.testNG@60e5d9d2]" name="beforeClass" is-config="true" duration-ms="8403" started-at="2017-07-09T00:19:18Z" finished-at="2017-07-09T00:19:26Z">
          <reporter-output>
          </reporter-output>
        </test-method> <!-- beforeClass -->
        <test-method status="PASS" signature="test_Sogou()[pri:0, instance:test_ant.testNG@60e5d9d2]" name="test_Sogou" duration-ms="3225" started-at="2017-07-09T00:19:26Z" finished-at="2017-07-09T00:19:30Z">
          <reporter-output>
          </reporter-output>
        </test-method> <!-- test_Sogou -->
        <test-method status="PASS" signature="inputBox()[pri:0, instance:test_ant.testNG@60e5d9d2]" name="inputBox" duration-ms="3710" started-at="2017-07-09T00:19:30Z" depends-on-methods="test_ant.testNG.test_Sogou" finished-at="2017-07-09T00:19:33Z">
          <reporter-output>
          </reporter-output>
        </test-method> <!-- inputBox -->
        <test-method status="FAIL" signature="news()[pri:0, instance:test_ant.testNG@60e5d9d2]" name="news" duration-ms="3028" started-at="2017-07-09T00:19:33Z" depends-on-methods="test_ant.testNG.inputBox" finished-at="2017-07-09T00:19:36Z">
          <exception class="java.lang.AssertionError">
            <message>
              <![CDATA[expected [false] but found [true]]]>
            </message>
            <full-stacktrace>
              <![CDATA[java.lang.AssertionError: expected [false] but found [true]
	at org.testng.Assert.fail(Assert.java:94)
	at org.testng.Assert.failNotEquals(Assert.java:494)
	at org.testng.Assert.assertFalse(Assert.java:63)
	at org.testng.Assert.assertFalse(Assert.java:73)
	at test_ant.testNG.news(testNG.java:52)
	at sun.reflect.NativeMethodAccessorImpl.invoke0(Native Method)
	at sun.reflect.NativeMethodAccessorImpl.invoke(Unknown Source)
	at sun.reflect.DelegatingMethodAccessorImpl.invoke(Unknown Source)
	at java.lang.reflect.Method.invoke(Unknown Source)
	at org.testng.internal.MethodInvocationHelper.invokeMethod(MethodInvocationHelper.java:84)
	at org.testng.internal.Invoker.invokeMethod(Invoker.java:714)
	at org.testng.internal.Invoker.invokeTestMethod(Invoker.java:901)
	at org.testng.internal.Invoker.invokeTestMethods(Invoker.java:1231)
	at org.testng.internal.TestMethodWorker.invokeTestMethods(TestMethodWorker.java:127)
	at org.testng.internal.TestMethodWorker.run(TestMethodWorker.java:111)
	at org.testng.TestRunner.privateRun(TestRunner.java:767)
	at org.testng.TestRunner.run(TestRunner.java:617)
	at org.testng.SuiteRunner.runTest(SuiteRunner.java:334)
	at org.testng.SuiteRunner.runSequentially(SuiteRunner.java:329)
	at org.testng.SuiteRunner.privateRun(SuiteRunner.java:291)
	at org.testng.SuiteRunner.run(SuiteRunner.java:240)
	at org.testng.SuiteRunnerWorker.runSuite(SuiteRunnerWorker.java:52)
	at org.testng.SuiteRunnerWorker.run(SuiteRunnerWorker.java:86)
	at org.testng.TestNG.runSuitesSequentially(TestNG.java:1224)
	at org.testng.TestNG.runSuitesLocally(TestNG.java:1149)
	at org.testng.TestNG.run(TestNG.java:1057)
	at org.testng.remote.RemoteTestNG.run(RemoteTestNG.java:111)
	at org.testng.remote.RemoteTestNG.initAndRun(RemoteTestNG.java:204)
	at org.testng.remote.RemoteTestNG.main(RemoteTestNG.java:175)
]]>
            </full-stacktrace>
          </exception> <!-- java.lang.AssertionError -->
          <reporter-output>
          </reporter-output>
        </test-method> <!-- news -->
        <test-method status="PASS" signature="afterClass()[pri:0, instance:test_ant.testNG@60e5d9d2]" name="afterClass" is-config="true" duration-ms="361" started-at="2017-07-09T00:19:36Z" finished-at="2017-07-09T00:19:37Z">
          <reporter-output>
          </reporter-output>
        </test-method> <!-- afterClass -->
      </class> <!-- test_ant.testNG -->
    </test> <!-- Test -->
  </suite> <!-- Suite -->
</testng-results>
